<?xml version="1.0" encoding="UTF-8"?>
<!-- Generated by org.testng.reporters.JUnitReportReporter -->
<testsuite hostname="DESKTOP-CI2LFA3" failures="0" tests="5" name="Day1.PositiveTest" time="4.286" errors="0" timestamp="09 Nov 2021 10:58:31 GMT" skipped="1">
  <testcase classname="Day1.PositiveTest" name="getContact" time="0.705"/>
  <testcase classname="Day1.PositiveTest" name="updateContact" time="0.585"/>
  <testcase classname="Day1.PositiveTest" name="deleteSpecificationContact" time="0.602"/>
  <testcase classname="Day1.PositiveTest" name="addContact" time="2.394"/>
  <testcase classname="Day1.PositiveTest" name="getAllContactList">
    <skipped/>
  </testcase> <!-- getAllContactList -->
</testsuite> <!-- Day1.PositiveTest -->
