<?xml version="1.0" encoding="UTF-8"?>
<!-- Generated by org.testng.reporters.JUnitReportReporter -->
<testsuite hostname="DESKTOP-CI2LFA3" failures="0" tests="5" name="Day1.PositiveTest2" time="4.213" errors="0" timestamp="09 Nov 2021 10:57:36 GMT" skipped="1">
  <testcase classname="Day1.PositiveTest2" name="updateContact" time="0.575"/>
  <testcase classname="Day1.PositiveTest2" name="deleteContact" time="0.604"/>
  <testcase classname="Day1.PositiveTest2" name="getSpecificContact" time="0.608"/>
  <testcase classname="Day1.PositiveTest2" name="putContact" time="2.426"/>
  <testcase classname="Day1.PositiveTest2" name="getAllContactList">
    <skipped/>
  </testcase> <!-- getAllContactList -->
</testsuite> <!-- Day1.PositiveTest2 -->
